<?xml version="1.0" encoding="UTF-8"?>
<!-- Generated by org.testng.reporters.JUnitReportReporter -->
<testsuite hostname="m-c02rl2fwg8wn" name="schemaValidationTest.test_schema_validation" tests="2" failures="0" timestamp="1 Feb 2020 08:48:42 GMT" time="103.996" errors="0">
  <testcase name="test_schema1" time="51.833" classname="schemaValidationTest.test_schema_validation"/>
  <testcase name="test_schema1" time="52.163" classname="schemaValidationTest.test_schema_validation"/>
</testsuite> <!-- schemaValidationTest.test_schema_validation -->
